#
# A fatal error has been detected by the Java Runtime Environment:
#
#  EXCEPTION_ACCESS_VIOLATION (0xc0000005) at pc=0x000000006487880f, pid=5472, tid=5480
#
# JRE version: Java(TM) SE Runtime Environment (8.0_60-b27) (build 1.8.0_60-b27)
# Java VM: Java HotSpot(TM) 64-Bit Server VM (25.60-b23 mixed mode windows-amd64 compressed oops)
# Problematic frame:
# V  [jvm.dll+0x50880f]
#
# Failed to write core dump. Minidumps are not enabled by default on client versions of Windows
#
# If you would like to submit a bug report, please visit:
#   http://bugreport.java.com/bugreport/crash.jsp
#

---------------  T H R E A D  ---------------

Current thread (0x00000000576f5000):  JavaThread "C2 CompilerThread1" daemon [_thread_in_native, id=5480, stack(0x0000000059180000,0x0000000059280000)]

siginfo: ExceptionCode=0xc0000005, reading address 0x0000000000000028

Registers:
RAX=0x000000005927c3a0, RBX=0x0000000000000040, RCX=0x0000000000000000, RDX=0x0000000000000008
RSP=0x000000005927bf50, RBP=0x000000005927c050, RSI=0x0000000000000001, RDI=0x000000005927c400
R8 =0x000000000000000c, R9 =0x0000000000000020, R10=0x0000000000001631, R11=0x000000005927c430
R12=0x000000005a601db0, R13=0x0000000000000008, R14=0x0000000000000001, R15=0x0000000000000001
RIP=0x000000006487880f, EFLAGS=0x0000000000010202

Top of Stack: (sp=0x000000005927bf50)
0x000000005927bf50:   000000005927c430 000000005a624b08
0x000000005927bf60:   0000000000000005 000000005a15e8a0
0x000000005927bf70:   000000005baee020 000000005baedfe0
0x000000005927bf80:   0000000000000001 0000000000000010
0x000000005927bf90:   000000005a601db0 000000400000003e
0x000000005927bfa0:   0000000000000000 0000000000000007
0x000000005927bfb0:   00000000597a3260 0000000000000000
0x000000005927bfc0:   000000005aa7f500 0000000100000525
0x000000005927bfd0:   0000000000000003 0000000000000008
0x000000005927bfe0:   000000005aa7cbc0 0000000000000525
0x000000005927bff0:   0000000000000040 000000005aa7cbc0
0x000000005927c000:   00000000003b3168 000000005aa7ba50
0x000000005927c010:   000000005aa83a38 0000000058a90470
0x000000005927c020:   0000000000000000 0000000000000000
0x000000005927c030:   0000000000000000 0000000000000000
0x000000005927c040:   0000000000000000 00000000001654e0 

Instructions: (pc=0x000000006487880f)
0x00000000648787ef:   8b 44 24 20 48 8b 00 eb 02 33 c0 48 8b 40 08 4c
0x00000000648787ff:   8b 5d 70 44 89 74 24 7c 4a 8b 0c 28 49 8b 43 48
0x000000006487880f:   8b 51 28 48 8b 48 68 4c 8b 14 d1 4c 89 55 80 41
0x000000006487881f:   83 ff 01 0f 86 54 01 00 00 41 bf 08 00 00 00 4c 


Register to memory mapping:

RAX=0x000000005927c3a0 is pointing into the stack for thread: 0x00000000576f5000
RBX=0x0000000000000040 is an unknown value
RCX=0x0000000000000000 is an unknown value
RDX=0x0000000000000008 is an unknown value
RSP=0x000000005927bf50 is pointing into the stack for thread: 0x00000000576f5000
RBP=0x000000005927c050 is pointing into the stack for thread: 0x00000000576f5000
RSI=0x0000000000000001 is an unknown value
RDI=0x000000005927c400 is pointing into the stack for thread: 0x00000000576f5000
R8 =0x000000000000000c is an unknown value
R9 =0x0000000000000020 is an unknown value
R10=0x0000000000001631 is an unknown value
R11=0x000000005927c430 is pointing into the stack for thread: 0x00000000576f5000
R12=0x000000005a601db0 is an unknown value
R13=0x0000000000000008 is an unknown value
R14=0x0000000000000001 is an unknown value
R15=0x0000000000000001 is an unknown value


Stack: [0x0000000059180000,0x0000000059280000],  sp=0x000000005927bf50,  free space=1007k
Native frames: (J=compiled Java code, j=interpreted, Vv=VM code, C=native code)
V  [jvm.dll+0x50880f]
V  [jvm.dll+0x4626e3]
V  [jvm.dll+0x46d51b]
V  [jvm.dll+0x46fb32]
V  [jvm.dll+0x452cb2]
V  [jvm.dll+0xa4662]
V  [jvm.dll+0xa4f9f]
V  [jvm.dll+0x243134]
V  [jvm.dll+0x299f6a]
C  [msvcr100.dll+0x21d9f]
C  [msvcr100.dll+0x21e3b]
C  [kernel32.dll+0x159cd]
C  [ntdll.dll+0x2a561]


Current CompileTask:
C2:   2816 2174   !   4       org.codehaus.plexus.interpolation.StringSearchInterpolator::interpolate (665 bytes)


---------------  P R O C E S S  ---------------

Java Threads: ( => current thread )
  0x000000005ab38000 JavaThread "Thread-1" daemon [_thread_blocked, id=4088, stack(0x000000005b3d0000,0x000000005b4d0000)]
  0x000000005a13a800 JavaThread "Thread-3" daemon [_thread_in_native, id=5832, stack(0x000000005c6d0000,0x000000005c7d0000)]
  0x000000005aedf000 JavaThread "Thread-2" daemon [_thread_in_native, id=3144, stack(0x000000005c540000,0x000000005c640000)]
  0x0000000058b16800 JavaThread "Service Thread" daemon [_thread_blocked, id=3788, stack(0x0000000059630000,0x0000000059730000)]
  0x00000000576f6000 JavaThread "C1 CompilerThread2" daemon [_thread_blocked, id=4796, stack(0x0000000059380000,0x0000000059480000)]
=>0x00000000576f5000 JavaThread "C2 CompilerThread1" daemon [_thread_in_native, id=5480, stack(0x0000000059180000,0x0000000059280000)]
  0x0000000058a95000 JavaThread "C2 CompilerThread0" daemon [_thread_blocked, id=5144, stack(0x0000000059050000,0x0000000059150000)]
  0x0000000058a94000 JavaThread "Attach Listener" daemon [_thread_blocked, id=4944, stack(0x0000000058530000,0x0000000058630000)]
  0x0000000058a91800 JavaThread "Signal Dispatcher" daemon [_thread_blocked, id=4744, stack(0x0000000058ea0000,0x0000000058fa0000)]
  0x000000005769a800 JavaThread "Finalizer" daemon [_thread_blocked, id=2780, stack(0x0000000058990000,0x0000000058a90000)]
  0x0000000057693800 JavaThread "Reference Handler" daemon [_thread_blocked, id=5216, stack(0x0000000058830000,0x0000000058930000)]
  0x0000000002248000 JavaThread "main" [_thread_in_native, id=3364, stack(0x0000000002360000,0x0000000002460000)]

Other Threads:
  0x000000005768e000 VMThread [stack: 0x0000000058640000,0x0000000058740000] [id=5696]
  0x0000000058b38000 WatcherThread [stack: 0x0000000059500000,0x0000000059600000] [id=5912]

VM state:not at safepoint (normal execution)

VM Mutex/Monitor currently owned by a thread: None

Heap:
 PSYoungGen      total 71680K, used 15711K [0x00000000d5600000, 0x00000000da100000, 0x0000000100000000)
  eden space 66560K, 15% used [0x00000000d5600000,0x00000000d605be20,0x00000000d9700000)
  from space 5120K, 99% used [0x00000000d9c00000,0x00000000da0fc010,0x00000000da100000)
  to   space 5120K, 0% used [0x00000000d9700000,0x00000000d9700000,0x00000000d9c00000)
 ParOldGen       total 87552K, used 3703K [0x0000000080200000, 0x0000000085780000, 0x00000000d5600000)
  object space 87552K, 4% used [0x0000000080200000,0x000000008059df60,0x0000000085780000)
 Metaspace       used 13366K, capacity 13666K, committed 13824K, reserved 1060864K
  class space    used 1601K, capacity 1693K, committed 1792K, reserved 1048576K

Card table byte_map: [0x0000000011af0000,0x0000000011ef0000] byte_map_base: 0x00000000116ef000

Marking Bits: (ParMarkBitMap*) 0x0000000064b7a5b0
 Begin Bits: [0x0000000012910000, 0x0000000014908000)
 End Bits:   [0x0000000014908000, 0x0000000016900000)

Polling page: 0x0000000000250000

CodeCache: size=245760Kb used=7441Kb max_used=7441Kb free=238318Kb
 bounds [0x0000000002730000, 0x0000000002e80000, 0x0000000011730000]
 total_blobs=2626 nmethods=2308 adapters=231
 compilation: enabled

Compilation events (10 events):
Event: 2.409 Thread 0x00000000576f6000 2309       3       org.codehaus.plexus.classworlds.strategy.SelfFirstStrategy::loadClass (50 bytes)
Event: 2.410 Thread 0x00000000576f6000 nmethod 2309 0x0000000002e74490 code [0x0000000002e746a0, 0x0000000002e752f8]
Event: 2.410 Thread 0x00000000576f6000 2310   !   3       org.codehaus.plexus.classworlds.realm.ClassRealm::loadClassFromImport (21 bytes)
Event: 2.411 Thread 0x00000000576f6000 nmethod 2310 0x0000000002e78290 code [0x0000000002e78420, 0x0000000002e78758]
Event: 2.412 Thread 0x00000000576f6000 2311       3       java.lang.ProcessEnvironment$NameComparator::compare (90 bytes)
Event: 2.413 Thread 0x00000000576f6000 nmethod 2311 0x0000000002e78fd0 code [0x0000000002e79200, 0x0000000002e79f38]
Event: 2.413 Thread 0x00000000576f6000 2312       3       java.lang.ProcessEnvironment$CheckedEntry::getKey (5 bytes)
Event: 2.413 Thread 0x00000000576f6000 nmethod 2312 0x0000000002e77cd0 code [0x0000000002e77e40, 0x0000000002e78188]
Event: 2.413 Thread 0x00000000576f6000 2313       3       java.lang.ProcessEnvironment$CheckedEntry::getKey (13 bytes)
Event: 2.413 Thread 0x00000000576f6000 nmethod 2313 0x0000000002e77790 code [0x0000000002e77900, 0x0000000002e77c08]

GC Heap History (8 events):
Event: 0.622 GC heap before
{Heap before GC invocations=1 (full 0):
 PSYoungGen      total 38400K, used 33280K [0x00000000d5600000, 0x00000000d8080000, 0x0000000100000000)
  eden space 33280K, 100% used [0x00000000d5600000,0x00000000d7680000,0x00000000d7680000)
  from space 5120K, 0% used [0x00000000d7b80000,0x00000000d7b80000,0x00000000d8080000)
  to   space 5120K, 0% used [0x00000000d7680000,0x00000000d7680000,0x00000000d7b80000)
 ParOldGen       total 87552K, used 0K [0x0000000080200000, 0x0000000085780000, 0x00000000d5600000)
  object space 87552K, 0% used [0x0000000080200000,0x0000000080200000,0x0000000085780000)
 Metaspace       used 7634K, capacity 7790K, committed 7936K, reserved 1056768K
  class space    used 960K, capacity 1021K, committed 1024K, reserved 1048576K
Event: 0.628 GC heap after
Heap after GC invocations=1 (full 0):
 PSYoungGen      total 38400K, used 4516K [0x00000000d5600000, 0x00000000d8080000, 0x0000000100000000)
  eden space 33280K, 0% used [0x00000000d5600000,0x00000000d5600000,0x00000000d7680000)
  from space 5120K, 88% used [0x00000000d7680000,0x00000000d7ae90a0,0x00000000d7b80000)
  to   space 5120K, 0% used [0x00000000d7b80000,0x00000000d7b80000,0x00000000d8080000)
 ParOldGen       total 87552K, used 16K [0x0000000080200000, 0x0000000085780000, 0x00000000d5600000)
  object space 87552K, 0% used [0x0000000080200000,0x0000000080204000,0x0000000085780000)
 Metaspace       used 7634K, capacity 7790K, committed 7936K, reserved 1056768K
  class space    used 960K, capacity 1021K, committed 1024K, reserved 1048576K
}
Event: 1.288 GC heap before
{Heap before GC invocations=2 (full 0):
 PSYoungGen      total 38400K, used 37796K [0x00000000d5600000, 0x00000000d8080000, 0x0000000100000000)
  eden space 33280K, 100% used [0x00000000d5600000,0x00000000d7680000,0x00000000d7680000)
  from space 5120K, 88% used [0x00000000d7680000,0x00000000d7ae90a0,0x00000000d7b80000)
  to   space 5120K, 0% used [0x00000000d7b80000,0x00000000d7b80000,0x00000000d8080000)
 ParOldGen       total 87552K, used 16K [0x0000000080200000, 0x0000000085780000, 0x00000000d5600000)
  object space 87552K, 0% used [0x0000000080200000,0x0000000080204000,0x0000000085780000)
 Metaspace       used 12289K, capacity 12484K, committed 12672K, reserved 1060864K
  class space    used 1507K, capacity 1579K, committed 1664K, reserved 1048576K
Event: 1.297 GC heap after
Heap after GC invocations=2 (full 0):
 PSYoungGen      total 38400K, used 5117K [0x00000000d5600000, 0x00000000da100000, 0x0000000100000000)
  eden space 33280K, 0% used [0x00000000d5600000,0x00000000d5600000,0x00000000d7680000)
  from space 5120K, 99% used [0x00000000d7b80000,0x00000000d807f7f0,0x00000000d8080000)
  to   space 5120K, 0% used [0x00000000d7680000,0x00000000d7680000,0x00000000d7b80000)
 ParOldGen       total 87552K, used 2042K [0x0000000080200000, 0x0000000085780000, 0x00000000d5600000)
  object space 87552K, 2% used [0x0000000080200000,0x00000000803fe900,0x0000000085780000)
 Metaspace       used 12289K, capacity 12484K, committed 12672K, reserved 1060864K
  class space    used 1507K, capacity 1579K, committed 1664K, reserved 1048576K
}
Event: 1.836 GC heap before
{Heap before GC invocations=3 (full 0):
 PSYoungGen      total 38400K, used 38397K [0x00000000d5600000, 0x00000000da100000, 0x0000000100000000)
  eden space 33280K, 100% used [0x00000000d5600000,0x00000000d7680000,0x00000000d7680000)
  from space 5120K, 99% used [0x00000000d7b80000,0x00000000d807f7f0,0x00000000d8080000)
  to   space 5120K, 0% used [0x00000000d7680000,0x00000000d7680000,0x00000000d7b80000)
 ParOldGen       total 87552K, used 2042K [0x0000000080200000, 0x0000000085780000, 0x00000000d5600000)
  object space 87552K, 2% used [0x0000000080200000,0x00000000803fe900,0x0000000085780000)
 Metaspace       used 12614K, capacity 12848K, committed 13184K, reserved 1060864K
  class space    used 1517K, capacity 1588K, committed 1664K, reserved 1048576K
Event: 1.859 GC heap after
Heap after GC invocations=3 (full 0):
 PSYoungGen      total 38400K, used 5088K [0x00000000d5600000, 0x00000000da100000, 0x0000000100000000)
  eden space 33280K, 0% used [0x00000000d5600000,0x00000000d5600000,0x00000000d7680000)
  from space 5120K, 99% used [0x00000000d7680000,0x00000000d7b78020,0x00000000d7b80000)
  to   space 5120K, 0% used [0x00000000d9c00000,0x00000000d9c00000,0x00000000da100000)
 ParOldGen       total 87552K, used 2530K [0x0000000080200000, 0x0000000085780000, 0x00000000d5600000)
  object space 87552K, 2% used [0x0000000080200000,0x0000000080478900,0x0000000085780000)
 Metaspace       used 12614K, capacity 12848K, committed 13184K, reserved 1060864K
  class space    used 1517K, capacity 1588K, committed 1664K, reserved 1048576K
}
Event: 2.272 GC heap before
{Heap before GC invocations=4 (full 0):
 PSYoungGen      total 38400K, used 38368K [0x00000000d5600000, 0x00000000da100000, 0x0000000100000000)
  eden space 33280K, 100% used [0x00000000d5600000,0x00000000d7680000,0x00000000d7680000)
  from space 5120K, 99% used [0x00000000d7680000,0x00000000d7b78020,0x00000000d7b80000)
  to   space 5120K, 0% used [0x00000000d9c00000,0x00000000d9c00000,0x00000000da100000)
 ParOldGen       total 87552K, used 2530K [0x0000000080200000, 0x0000000085780000, 0x00000000d5600000)
  object space 87552K, 2% used [0x0000000080200000,0x0000000080478900,0x0000000085780000)
 Metaspace       used 12904K, capacity 13142K, committed 13440K, reserved 1060864K
  class space    used 1535K, capacity 1621K, committed 1664K, reserved 1048576K
Event: 2.280 GC heap after
Heap after GC invocations=4 (full 0):
 PSYoungGen      total 71680K, used 5104K [0x00000000d5600000, 0x00000000da100000, 0x0000000100000000)
  eden space 66560K, 0% used [0x00000000d5600000,0x00000000d5600000,0x00000000d9700000)
  from space 5120K, 99% used [0x00000000d9c00000,0x00000000da0fc010,0x00000000da100000)
  to   space 5120K, 0% used [0x00000000d9700000,0x00000000d9700000,0x00000000d9c00000)
 ParOldGen       total 87552K, used 3703K [0x0000000080200000, 0x0000000085780000, 0x00000000d5600000)
  object space 87552K, 4% used [0x0000000080200000,0x000000008059df60,0x0000000085780000)
 Metaspace       used 12904K, capacity 13142K, committed 13440K, reserved 1060864K
  class space    used 1535K, capacity 1621K, committed 1664K, reserved 1048576K
}

Deoptimization events (10 events):
Event: 1.667 Thread 0x0000000002248000 Uncommon trap: reason=speculate_class_check action=maybe_recompile pc=0x0000000002c902a4 method=java.nio.charset.CharsetDecoder.decode(Ljava/nio/ByteBuffer;Ljava/nio/CharBuffer;Z)Ljava/nio/charset/CoderResult; @ 57
Event: 1.667 Thread 0x0000000002248000 Uncommon trap: reason=speculate_class_check action=maybe_recompile pc=0x0000000002c9b87c method=java.nio.charset.CharsetDecoder.decode(Ljava/nio/ByteBuffer;Ljava/nio/CharBuffer;Z)Ljava/nio/charset/CoderResult; @ 57
Event: 1.667 Thread 0x0000000002248000 Uncommon trap: reason=speculate_class_check action=maybe_recompile pc=0x0000000002c9b87c method=java.nio.charset.CharsetDecoder.decode(Ljava/nio/ByteBuffer;Ljava/nio/CharBuffer;Z)Ljava/nio/charset/CoderResult; @ 57
Event: 2.003 Thread 0x0000000002248000 Uncommon trap: reason=unstable_if action=reinterpret pc=0x0000000002ba13b0 method=java.util.concurrent.ConcurrentHashMap.get(Ljava/lang/Object;)Ljava/lang/Object; @ 127
Event: 2.193 Thread 0x0000000002248000 Uncommon trap: reason=null_check action=make_not_entrant pc=0x0000000002da3404 method=org.apache.maven.model.io.xpp3.MavenXpp3Reader.checkFieldWithDuplicate(Lorg/codehaus/plexus/util/xml/pull/XmlPullParser;Ljava/lang/String;Ljava/lang/String;Ljava/util/Seté^’˜G@
Event: 2.285 Thread 0x0000000002248000 Uncommon trap: reason=unstable_if action=reinterpret pc=0x0000000002daf97c method=java.util.WeakHashMap.expungeStaleEntries()V @ 66
Event: 2.371 Thread 0x0000000002248000 Uncommon trap: reason=bimorphic action=maybe_recompile pc=0x0000000002bd0758 method=java.util.HashMap.putVal(ILjava/lang/Object;Ljava/lang/Object;ZZ)Ljava/lang/Object; @ 203
Event: 2.399 Thread 0x0000000002248000 Uncommon trap: reason=unstable_if action=reinterpret pc=0x0000000002d5e830 method=java.util.ArrayList.remove(Ljava/lang/Object;)Z @ 46
Event: 2.403 Thread 0x0000000002248000 Uncommon trap: reason=predicate action=maybe_recompile pc=0x0000000002e293b8 method=java.util.StringTokenizer.skipDelimiters(I)I @ 17
Event: 2.403 Thread 0x0000000002248000 Uncommon trap: reason=unstable_if action=reinterpret pc=0x0000000002d93938 method=java.util.StringTokenizer.scanToken(I)I @ 96

Internal exceptions (10 events):
Event: 0.375 Thread 0x0000000002248000 Exception <a 'java/lang/ArrayIndexOutOfBoundsException'> (0x00000000d63595a8) thrown at [C:\re\workspace\8-2-build-windows-amd64-cygwin\jdk8u60\4407\hotspot\src\share\vm\runtime\sharedRuntime.cpp, line 605]
Event: 0.544 Thread 0x0000000002248000 Exception <a 'java/lang/ArrayIndexOutOfBoundsException'> (0x00000000d71d2fb8) thrown at [C:\re\workspace\8-2-build-windows-amd64-cygwin\jdk8u60\4407\hotspot\src\share\vm\runtime\sharedRuntime.cpp, line 605]
Event: 0.545 Thread 0x0000000002248000 Exception <a 'java/lang/ArrayIndexOutOfBoundsException'> (0x00000000d71d4c60) thrown at [C:\re\workspace\8-2-build-windows-amd64-cygwin\jdk8u60\4407\hotspot\src\share\vm\runtime\sharedRuntime.cpp, line 605]
Event: 0.636 Thread 0x0000000002248000 Exception <a 'java/lang/NoClassDefFoundError': org/slf4j/Logger> (0x00000000d56373f8) thrown at [C:\re\workspace\8-2-build-windows-amd64-cygwin\jdk8u60\4407\hotspot\src\share\vm\classfile\systemDictionary.cpp, line 199]
Event: 0.692 Thread 0x0000000002248000 Exception <a 'java/lang/NoClassDefFoundError': org/slf4j/LoggerFactory> (0x00000000d5927060) thrown at [C:\re\workspace\8-2-build-windows-amd64-cygwin\jdk8u60\4407\hotspot\src\share\vm\classfile\systemDictionary.cpp, line 199]
Event: 0.692 Thread 0x0000000002248000 Exception <a 'java/lang/NoClassDefFoundError'> (0x00000000d5927060) thrown at [C:\re\workspace\8-2-build-windows-amd64-cygwin\jdk8u60\4407\hotspot\src\share\vm\oops\instanceKlass.cpp, line 945]
Event: 1.206 Thread 0x0000000002248000 Implicit null exception at 0x0000000002af67c5 to 0x0000000002af6999
Event: 1.207 Thread 0x0000000002248000 Implicit null exception at 0x0000000002aa846b to 0x0000000002aa8b6d
Event: 2.193 Thread 0x0000000002248000 Implicit null exception at 0x0000000002da2fcb to 0x0000000002da33f5
Event: 2.372 Thread 0x0000000002248000 Exception <a 'java/lang/NoClassDefFoundError': org/slf4j/Logger> (0x00000000d5bca558) thrown at [C:\re\workspace\8-2-build-windows-amd64-cygwin\jdk8u60\4407\hotspot\src\share\vm\oops\constantPool.cpp, line 235]

Events (10 events):
Event: 2.416 loading class org/apache/commons/exec/InputStreamPumper done
Event: 2.416 loading class org/apache/commons/exec/InputStreamPumper
Event: 2.416 loading class org/apache/commons/exec/InputStreamPumper done
Event: 2.417 loading class org/apache/commons/exec/StreamPumper
Event: 2.417 loading class org/apache/commons/exec/StreamPumper done
Event: 2.417 loading class org/apache/commons/exec/StreamPumper
Event: 2.417 loading class org/apache/commons/exec/StreamPumper done
Event: 2.418 Thread 0x000000005aedf000 Thread added: 0x000000005aedf000
Event: 2.418 Thread 0x000000005a13a800 Thread added: 0x000000005a13a800
Event: 2.418 Thread 0x000000005ab38000 Thread added: 0x000000005ab38000


Dynamic libraries:
0x000000013f200000 - 0x000000013f237000 	C:\Program Files\Java\jdk1.8.0_60\bin\java.exe
0x0000000077850000 - 0x00000000779fa000 	C:\Windows\SYSTEM32\ntdll.dll
0x000007feee640000 - 0x000007feee674000 	C:\Program Files\AVAST Software\Avast\x64\aswhooka.dll
0x0000000077630000 - 0x000000007774f000 	C:\Windows\system32\kernel32.dll
0x000007fefd750000 - 0x000007fefd7ba000 	C:\Windows\system32\KERNELBASE.dll
0x000007fefdee0000 - 0x000007fefdfbb000 	C:\Windows\system32\ADVAPI32.dll
0x000007feffac0000 - 0x000007feffb5f000 	C:\Windows\system32\msvcrt.dll
0x000007feff1a0000 - 0x000007feff1bf000 	C:\Windows\SYSTEM32\sechost.dll
0x000007fefe090000 - 0x000007fefe1bd000 	C:\Windows\system32\RPCRT4.dll
0x0000000077750000 - 0x000000007784a000 	C:\Windows\system32\USER32.dll
0x000007fefdb00000 - 0x000007fefdb67000 	C:\Windows\system32\GDI32.dll
0x000007feff240000 - 0x000007feff24e000 	C:\Windows\system32\LPK.dll
0x000007fefdfc0000 - 0x000007fefe08b000 	C:\Windows\system32\USP10.dll
0x000007fefc070000 - 0x000007fefc264000 	C:\Windows\WinSxS\amd64_microsoft.windows.common-controls_6595b64144ccf1df_6.0.7601.18837_none_fa3b1e3d17594757\COMCTL32.dll
0x000007feff1c0000 - 0x000007feff231000 	C:\Windows\system32\SHLWAPI.dll
0x000007fefdc60000 - 0x000007fefdc8e000 	C:\Windows\system32\IMM32.DLL
0x000007fefdd30000 - 0x000007fefde39000 	C:\Windows\system32\MSCTF.dll
0x0000000066880000 - 0x0000000066952000 	C:\Program Files\Java\jdk1.8.0_60\jre\bin\msvcr100.dll
0x0000000064370000 - 0x0000000064bf9000 	C:\Program Files\Java\jdk1.8.0_60\jre\bin\server\jvm.dll
0x000007fef7bc0000 - 0x000007fef7bc9000 	C:\Windows\system32\WSOCK32.dll
0x000007fefe3c0000 - 0x000007fefe40d000 	C:\Windows\system32\WS2_32.dll
0x000007fefdc50000 - 0x000007fefdc58000 	C:\Windows\system32\NSI.dll
0x000007fef96e0000 - 0x000007fef971b000 	C:\Windows\system32\WINMM.dll
0x000007fefc580000 - 0x000007fefc58c000 	C:\Windows\system32\VERSION.dll
0x0000000077a20000 - 0x0000000077a27000 	C:\Windows\system32\PSAPI.DLL
0x00000000711a0000 - 0x00000000711af000 	C:\Program Files\Java\jdk1.8.0_60\jre\bin\verify.dll
0x0000000066bb0000 - 0x0000000066bd9000 	C:\Program Files\Java\jdk1.8.0_60\jre\bin\java.dll
0x0000000071130000 - 0x0000000071146000 	C:\Program Files\Java\jdk1.8.0_60\jre\bin\zip.dll
0x000007fefe410000 - 0x000007feff19a000 	C:\Windows\system32\SHELL32.dll
0x000007fefe1c0000 - 0x000007fefe3bc000 	C:\Windows\system32\ole32.dll
0x000007fefd540000 - 0x000007fefd54f000 	C:\Windows\system32\profapi.dll
0x000007fefd340000 - 0x000007fefd397000 	C:\Windows\system32\apphelp.dll
0x000000006f2f0000 - 0x000000006f30a000 	C:\Program Files\Java\jdk1.8.0_60\jre\bin\net.dll
0x000007fefccd0000 - 0x000007fefcd25000 	C:\Windows\system32\mswsock.dll
0x000007fefccc0000 - 0x000007fefccc7000 	C:\Windows\System32\wship6.dll
0x000000006f750000 - 0x000000006f761000 	C:\Program Files\Java\jdk1.8.0_60\jre\bin\nio.dll
0x000007fef4af0000 - 0x000007fef4c15000 	C:\Windows\system32\dbghelp.dll

VM Arguments:
jvm_args: -Dclassworlds.conf=C:\Program Files\NetBeans 8.2\java\maven\bin\m2.conf -Dmaven.home=C:\Program Files\NetBeans 8.2\java\maven 
java_command: org.codehaus.plexus.classworlds.launcher.Launcher -Dexec.args=-classpath %classpath ru.sfedu.organizer.Main -Dexec.executable=C:\Program Files\Java\jdk1.8.0_60\bin\java.exe -Dexec.classpathScope=runtime -DskipTests=true -Dmaven.ext.class.path=C:\Program Files\NetBeans 8.2\java\maven-nblib\netbeans-eventspy.jar -Dfile.encoding=UTF-8 org.codehaus.mojo:exec-maven-plugin:1.2.1:exec
java_class_path (initial): C:\Program Files\NetBeans 8.2\java\maven\boot\plexus-classworlds-2.4.jar
Launcher Type: SUN_STANDARD

Environment Variables:
JAVA_HOME=C:\Program Files\Java\jdk1.8.0_60
CLASSPATH=.;
PATH=C:\Program Files (x86)\NVIDIA Corporation\PhysX\Common;C:\Program Files\Common Files\Microsoft Shared\Windows Live;C:\Program Files (x86)\Common Files\Microsoft Shared\Windows Live;C:\Program Files (x86)\AMD APP\bin\x86_64;C:\Program Files (x86)\AMD APP\bin\x86;C:\Windows\system32;C:\Windows;C:\Windows\System32\Wbem;C:\Program Files (x86)\ATI Technologies\ATI.ACE\Core-Static;C:\Program Files (x86)\Common Files\Acronis\SnapAPI\;C:\Windows\System32\WindowsPowerShell\v1.0\;C:\Program Files\Calibre2\;C:\Windows\System32\WindowsPowerShell\v1.0\;C:\Program Files\Internet Explorer;C:\Program Files (x86)\AMD\ATI.ACE\Core-Static;C:\FPC\2.6.4\bin\i386-Win32;C:\Program Files (x86)\Windows Live\Shared;C:\Program Files (x86)\Microsoft SQL Server\100\Tools\Binn\;C:\Program Files\Microsoft SQL Server\100\Tools\Binn\;C:\Program Files\Microsoft SQL Server\100\DTS\Binn\;C:\Program Files (x86)\Microsoft SQL Server\100\Tools\Binn\VSShell\Common7\IDE\;C:\Program Files (x86)\Microsoft Visual Studio 9.0\Common7\IDE\PrivateAssemblies\;C:\Program Files (x86)\Microsoft SQL Server\100\DTS\Binn\;C:\Program Files\TortoiseSVN\bin;C:\Windows\System32\WindowsPowerShell\v1.0\;C:\Program Files\OpenVPN\bin;C:\Program Files\Java\jdk1.8.0_60\bin;
USERNAME=sterie
OS=Windows_NT
PROCESSOR_IDENTIFIER=Intel64 Family 6 Model 37 Stepping 2, GenuineIntel



---------------  S Y S T E M  ---------------

OS: Windows 7 , 64 bit Build 7601 (6.1.7601.23915)

CPU:total 4 (2 cores per cpu, 2 threads per core) family 6 model 37 stepping 2, cmov, cx8, fxsr, mmx, sse, sse2, sse3, ssse3, sse4.1, sse4.2, popcnt, ht, tsc, tscinvbit

Memory: 4k page, physical 8379504k(3249940k free), swap 16757148k(10379716k free)

vm_info: Java HotSpot(TM) 64-Bit Server VM (25.60-b23) for windows-amd64 JRE (1.8.0_60-b27), built on Aug  4 2015 11:06:27 by "java_re" with MS VC++ 10.0 (VS2010)

time: Tue Dec 19 01:05:24 2017
elapsed time: 2 seconds (0d 0h 0m 2s)

